2019-07-29 00:02:15.946  INFO 18108 --- [restartedMain] com.softdesign.SoftdesignApplication     : Starting SoftdesignApplication on harley-Lenovo-ideapad-320-15IKB with PID 18108 (/var/www/data/softdesignBrasil/target/classes started by harley in /var/www/data/softdesignBrasil)
2019-07-29 00:02:15.951  INFO 18108 --- [restartedMain] com.softdesign.SoftdesignApplication     : No active profile set, falling back to default profiles: default
2019-07-29 00:02:16.257  INFO 18108 --- [restartedMain] .e.DevToolsPropertyDefaultsPostProcessor : Devtools property defaults active! Set 'spring.devtools.add-properties' to 'false' to disable
2019-07-29 00:02:16.263  INFO 18108 --- [restartedMain] .e.DevToolsPropertyDefaultsPostProcessor : For additional web related logging consider setting the 'logging.level.web' property to 'DEBUG'
2019-07-29 00:02:17.015  INFO 18108 --- [restartedMain] .s.d.r.c.RepositoryConfigurationDelegate : Bootstrapping Spring Data repositories in DEFAULT mode.
2019-07-29 00:02:17.054  INFO 18108 --- [restartedMain] .s.d.r.c.RepositoryConfigurationDelegate : Finished Spring Data repository scanning in 35ms. Found 3 repository interfaces.
2019-07-29 00:02:17.325  INFO 18108 --- [restartedMain] trationDelegate$BeanPostProcessorChecker : Bean 'org.springframework.transaction.annotation.ProxyTransactionManagementConfiguration' of type [org.springframework.transaction.annotation.ProxyTransactionManagementConfiguration$$EnhancerBySpringCGLIB$$ba7b3e93] is not eligible for getting processed by all BeanPostProcessors (for example: not eligible for auto-proxying)
2019-07-29 00:02:17.341  INFO 18108 --- [restartedMain] trationDelegate$BeanPostProcessorChecker : Bean 'org.springframework.hateoas.config.HateoasConfiguration' of type [org.springframework.hateoas.config.HateoasConfiguration$$EnhancerBySpringCGLIB$$39fb8bc5] is not eligible for getting processed by all BeanPostProcessors (for example: not eligible for auto-proxying)
2019-07-29 00:02:17.619  INFO 18108 --- [restartedMain] o.s.b.w.embedded.tomcat.TomcatWebServer  : Tomcat initialized with port(s): 8080 (http)
2019-07-29 00:02:17.636  INFO 18108 --- [restartedMain] o.apache.catalina.core.StandardService   : Starting service [Tomcat]
2019-07-29 00:02:17.636  INFO 18108 --- [restartedMain] org.apache.catalina.core.StandardEngine  : Starting Servlet engine: [Apache Tomcat/9.0.21]
2019-07-29 00:02:17.689  INFO 18108 --- [restartedMain] o.a.c.c.C.[Tomcat].[localhost].[/]       : Initializing Spring embedded WebApplicationContext
2019-07-29 00:02:17.689 DEBUG 18108 --- [restartedMain] o.s.web.context.ContextLoader            : Published root WebApplicationContext as ServletContext attribute with name [org.springframework.web.context.WebApplicationContext.ROOT]
2019-07-29 00:02:17.689  INFO 18108 --- [restartedMain] o.s.web.context.ContextLoader            : Root WebApplicationContext: initialization completed in 1425 ms
2019-07-29 00:02:17.827  INFO 18108 --- [restartedMain] com.zaxxer.hikari.HikariDataSource       : HikariPool-1 - Starting...
2019-07-29 00:02:17.900  INFO 18108 --- [restartedMain] com.zaxxer.hikari.HikariDataSource       : HikariPool-1 - Start completed.
2019-07-29 00:02:18.457  INFO 18108 --- [restartedMain] j.LocalContainerEntityManagerFactoryBean : Initialized JPA EntityManagerFactory for persistence unit 'default'
2019-07-29 00:02:18.504  INFO 18108 --- [restartedMain] o.s.b.d.a.OptionalLiveReloadServer       : LiveReload server is running on port 35729
2019-07-29 00:02:18.928 DEBUG 18108 --- [restartedMain] s.w.s.m.m.a.RequestMappingHandlerMapping : 11 mappings in 'requestMappingHandlerMapping'
2019-07-29 00:02:19.264  INFO 18108 --- [restartedMain] pertySourcedRequestMappingHandlerMapping : Mapped URL path [/v2/api-docs] onto method [public org.springframework.http.ResponseEntity<springfox.documentation.spring.web.json.Json> springfox.documentation.swagger2.web.Swagger2Controller.getDocumentation(java.lang.String,javax.servlet.http.HttpServletRequest)]
2019-07-29 00:02:19.290 DEBUG 18108 --- [restartedMain] o.s.w.s.handler.SimpleUrlHandlerMapping  : Patterns [/swagger-ui.html, /webjars/**, /api/swagger-ui.html**, /api/webjars/**] in 'resourceHandlerMapping'
2019-07-29 00:02:19.323 DEBUG 18108 --- [restartedMain] s.w.s.m.m.a.RequestMappingHandlerAdapter : ControllerAdvice beans: 0 @ModelAttribute, 0 @InitBinder, 1 RequestBodyAdvice, 1 ResponseBodyAdvice
2019-07-29 00:02:19.341 DEBUG 18108 --- [restartedMain] .m.m.a.ExceptionHandlerExceptionResolver : ControllerAdvice beans: 1 @ExceptionHandler, 1 ResponseBodyAdvice
2019-07-29 00:02:19.396  WARN 18108 --- [restartedMain] aWebConfiguration$JpaWebMvcConfiguration : spring.jpa.open-in-view is enabled by default. Therefore, database queries may be performed during view rendering. Explicitly configure spring.jpa.open-in-view to disable this warning
2019-07-29 00:02:19.605  INFO 18108 --- [restartedMain] d.s.w.p.DocumentationPluginsBootstrapper : Context refreshed
2019-07-29 00:02:19.617  INFO 18108 --- [restartedMain] d.s.w.p.DocumentationPluginsBootstrapper : Found 1 custom documentation plugin(s)
2019-07-29 00:02:19.635  INFO 18108 --- [restartedMain] s.d.s.w.s.ApiListingReferenceScanner     : Scanning for api listing references
2019-07-29 00:02:19.710  INFO 18108 --- [restartedMain] .d.s.w.r.o.CachingOperationNameGenerator : Generating unique operation named: createScheduleUsingPOST_1
2019-07-29 00:02:19.762  INFO 18108 --- [restartedMain] o.s.b.w.embedded.tomcat.TomcatWebServer  : Tomcat started on port(s): 8080 (http) with context path ''
2019-07-29 00:02:19.765  INFO 18108 --- [restartedMain] com.softdesign.SoftdesignApplication     : Started SoftdesignApplication in 4.286 seconds (JVM running for 5.077)
2019-07-29 00:02:25.795  INFO 18108 --- [Thread-8] j.LocalContainerEntityManagerFactoryBean : Closing JPA EntityManagerFactory for persistence unit 'default'
2019-07-29 00:02:25.805  INFO 18108 --- [Thread-8] com.zaxxer.hikari.HikariDataSource       : HikariPool-1 - Shutdown initiated...
2019-07-29 00:02:26.167  INFO 18108 --- [Thread-8] com.zaxxer.hikari.HikariDataSource       : HikariPool-1 - Shutdown completed.
2019-07-29 00:02:31.255  INFO 18246 --- [restartedMain] com.softdesign.SoftdesignApplication     : Starting SoftdesignApplication on harley-Lenovo-ideapad-320-15IKB with PID 18246 (/var/www/data/softdesignBrasil/target/classes started by harley in /var/www/data/softdesignBrasil)
2019-07-29 00:02:31.262  INFO 18246 --- [restartedMain] com.softdesign.SoftdesignApplication     : No active profile set, falling back to default profiles: default
2019-07-29 00:02:31.366  INFO 18246 --- [restartedMain] .e.DevToolsPropertyDefaultsPostProcessor : Devtools property defaults active! Set 'spring.devtools.add-properties' to 'false' to disable
2019-07-29 00:02:31.368  INFO 18246 --- [restartedMain] .e.DevToolsPropertyDefaultsPostProcessor : For additional web related logging consider setting the 'logging.level.web' property to 'DEBUG'
2019-07-29 00:02:32.831  INFO 18246 --- [restartedMain] .s.d.r.c.RepositoryConfigurationDelegate : Bootstrapping Spring Data repositories in DEFAULT mode.
2019-07-29 00:02:32.886  INFO 18246 --- [restartedMain] .s.d.r.c.RepositoryConfigurationDelegate : Finished Spring Data repository scanning in 50ms. Found 3 repository interfaces.
2019-07-29 00:02:33.302  INFO 18246 --- [restartedMain] trationDelegate$BeanPostProcessorChecker : Bean 'org.springframework.transaction.annotation.ProxyTransactionManagementConfiguration' of type [org.springframework.transaction.annotation.ProxyTransactionManagementConfiguration$$EnhancerBySpringCGLIB$$17372f0a] is not eligible for getting processed by all BeanPostProcessors (for example: not eligible for auto-proxying)
2019-07-29 00:02:33.321  INFO 18246 --- [restartedMain] trationDelegate$BeanPostProcessorChecker : Bean 'org.springframework.hateoas.config.HateoasConfiguration' of type [org.springframework.hateoas.config.HateoasConfiguration$$EnhancerBySpringCGLIB$$96b77c3c] is not eligible for getting processed by all BeanPostProcessors (for example: not eligible for auto-proxying)
2019-07-29 00:02:33.788  INFO 18246 --- [restartedMain] o.s.b.w.embedded.tomcat.TomcatWebServer  : Tomcat initialized with port(s): 8080 (http)
2019-07-29 00:02:33.850  INFO 18246 --- [restartedMain] o.apache.catalina.core.StandardService   : Starting service [Tomcat]
2019-07-29 00:02:33.850  INFO 18246 --- [restartedMain] org.apache.catalina.core.StandardEngine  : Starting Servlet engine: [Apache Tomcat/9.0.21]
2019-07-29 00:02:34.068  INFO 18246 --- [restartedMain] o.a.c.c.C.[Tomcat].[localhost].[/]       : Initializing Spring embedded WebApplicationContext
2019-07-29 00:02:34.072 DEBUG 18246 --- [restartedMain] o.s.web.context.ContextLoader            : Published root WebApplicationContext as ServletContext attribute with name [org.springframework.web.context.WebApplicationContext.ROOT]
2019-07-29 00:02:34.073  INFO 18246 --- [restartedMain] o.s.web.context.ContextLoader            : Root WebApplicationContext: initialization completed in 2705 ms
2019-07-29 00:02:34.472  INFO 18246 --- [restartedMain] com.zaxxer.hikari.HikariDataSource       : HikariPool-1 - Starting...
2019-07-29 00:02:34.573  INFO 18246 --- [restartedMain] com.zaxxer.hikari.HikariDataSource       : HikariPool-1 - Start completed.
2019-07-29 00:02:35.350  INFO 18246 --- [restartedMain] j.LocalContainerEntityManagerFactoryBean : Initialized JPA EntityManagerFactory for persistence unit 'default'
2019-07-29 00:02:35.406  INFO 18246 --- [restartedMain] o.s.b.d.a.OptionalLiveReloadServer       : LiveReload server is running on port 35729
2019-07-29 00:02:35.988 DEBUG 18246 --- [restartedMain] s.w.s.m.m.a.RequestMappingHandlerMapping : 11 mappings in 'requestMappingHandlerMapping'
2019-07-29 00:02:36.350  INFO 18246 --- [restartedMain] pertySourcedRequestMappingHandlerMapping : Mapped URL path [/v2/api-docs] onto method [public org.springframework.http.ResponseEntity<springfox.documentation.spring.web.json.Json> springfox.documentation.swagger2.web.Swagger2Controller.getDocumentation(java.lang.String,javax.servlet.http.HttpServletRequest)]
2019-07-29 00:02:36.381 DEBUG 18246 --- [restartedMain] o.s.w.s.handler.SimpleUrlHandlerMapping  : Patterns [/swagger-ui.html, /webjars/**, /api/swagger-ui.html**, /api/webjars/**] in 'resourceHandlerMapping'
2019-07-29 00:02:36.422 DEBUG 18246 --- [restartedMain] s.w.s.m.m.a.RequestMappingHandlerAdapter : ControllerAdvice beans: 0 @ModelAttribute, 0 @InitBinder, 1 RequestBodyAdvice, 1 ResponseBodyAdvice
2019-07-29 00:02:36.442 DEBUG 18246 --- [restartedMain] .m.m.a.ExceptionHandlerExceptionResolver : ControllerAdvice beans: 1 @ExceptionHandler, 1 ResponseBodyAdvice
2019-07-29 00:02:36.512  WARN 18246 --- [restartedMain] aWebConfiguration$JpaWebMvcConfiguration : spring.jpa.open-in-view is enabled by default. Therefore, database queries may be performed during view rendering. Explicitly configure spring.jpa.open-in-view to disable this warning
2019-07-29 00:02:36.787  INFO 18246 --- [restartedMain] d.s.w.p.DocumentationPluginsBootstrapper : Context refreshed
2019-07-29 00:02:36.796  INFO 18246 --- [restartedMain] d.s.w.p.DocumentationPluginsBootstrapper : Found 1 custom documentation plugin(s)
2019-07-29 00:02:36.818  INFO 18246 --- [restartedMain] s.d.s.w.s.ApiListingReferenceScanner     : Scanning for api listing references
2019-07-29 00:02:36.903  INFO 18246 --- [restartedMain] .d.s.w.r.o.CachingOperationNameGenerator : Generating unique operation named: createScheduleUsingPOST_1
2019-07-29 00:02:36.991  INFO 18246 --- [restartedMain] o.s.b.w.embedded.tomcat.TomcatWebServer  : Tomcat started on port(s): 8080 (http) with context path ''
2019-07-29 00:02:36.995  INFO 18246 --- [restartedMain] com.softdesign.SoftdesignApplication     : Started SoftdesignApplication in 6.88 seconds (JVM running for 8.277)
2019-07-29 00:18:16.096  INFO 18246 --- [Thread-8] j.LocalContainerEntityManagerFactoryBean : Closing JPA EntityManagerFactory for persistence unit 'default'
2019-07-29 00:18:16.103  INFO 18246 --- [Thread-8] com.zaxxer.hikari.HikariDataSource       : HikariPool-1 - Shutdown initiated...
2019-07-29 00:18:16.528  INFO 18246 --- [Thread-8] com.zaxxer.hikari.HikariDataSource       : HikariPool-1 - Shutdown completed.
2019-07-29 00:18:21.800  INFO 19440 --- [restartedMain] com.softdesign.SoftdesignApplication     : Starting SoftdesignApplication on harley-Lenovo-ideapad-320-15IKB with PID 19440 (/var/www/data/softdesignBrasil/target/classes started by harley in /var/www/data/softdesignBrasil)
2019-07-29 00:18:21.806  INFO 19440 --- [restartedMain] com.softdesign.SoftdesignApplication     : No active profile set, falling back to default profiles: default
2019-07-29 00:18:21.904  INFO 19440 --- [restartedMain] .e.DevToolsPropertyDefaultsPostProcessor : Devtools property defaults active! Set 'spring.devtools.add-properties' to 'false' to disable
2019-07-29 00:18:21.905  INFO 19440 --- [restartedMain] .e.DevToolsPropertyDefaultsPostProcessor : For additional web related logging consider setting the 'logging.level.web' property to 'DEBUG'
2019-07-29 00:18:23.004  INFO 19440 --- [restartedMain] .s.d.r.c.RepositoryConfigurationDelegate : Bootstrapping Spring Data repositories in DEFAULT mode.
2019-07-29 00:18:23.056  INFO 19440 --- [restartedMain] .s.d.r.c.RepositoryConfigurationDelegate : Finished Spring Data repository scanning in 46ms. Found 3 repository interfaces.
2019-07-29 00:18:23.374  INFO 19440 --- [restartedMain] trationDelegate$BeanPostProcessorChecker : Bean 'org.springframework.transaction.annotation.ProxyTransactionManagementConfiguration' of type [org.springframework.transaction.annotation.ProxyTransactionManagementConfiguration$$EnhancerBySpringCGLIB$$6d4c30ec] is not eligible for getting processed by all BeanPostProcessors (for example: not eligible for auto-proxying)
2019-07-29 00:18:23.393  INFO 19440 --- [restartedMain] trationDelegate$BeanPostProcessorChecker : Bean 'org.springframework.hateoas.config.HateoasConfiguration' of type [org.springframework.hateoas.config.HateoasConfiguration$$EnhancerBySpringCGLIB$$eccc7e1e] is not eligible for getting processed by all BeanPostProcessors (for example: not eligible for auto-proxying)
2019-07-29 00:18:23.671  INFO 19440 --- [restartedMain] o.s.b.w.embedded.tomcat.TomcatWebServer  : Tomcat initialized with port(s): 8080 (http)
2019-07-29 00:18:23.694  INFO 19440 --- [restartedMain] o.apache.catalina.core.StandardService   : Starting service [Tomcat]
2019-07-29 00:18:23.695  INFO 19440 --- [restartedMain] org.apache.catalina.core.StandardEngine  : Starting Servlet engine: [Apache Tomcat/9.0.21]
2019-07-29 00:18:23.755  INFO 19440 --- [restartedMain] o.a.c.c.C.[Tomcat].[localhost].[/]       : Initializing Spring embedded WebApplicationContext
2019-07-29 00:18:23.755 DEBUG 19440 --- [restartedMain] o.s.web.context.ContextLoader            : Published root WebApplicationContext as ServletContext attribute with name [org.springframework.web.context.WebApplicationContext.ROOT]
2019-07-29 00:18:23.755  INFO 19440 --- [restartedMain] o.s.web.context.ContextLoader            : Root WebApplicationContext: initialization completed in 1850 ms
2019-07-29 00:18:23.944  INFO 19440 --- [restartedMain] com.zaxxer.hikari.HikariDataSource       : HikariPool-1 - Starting...
2019-07-29 00:18:24.024  INFO 19440 --- [restartedMain] com.zaxxer.hikari.HikariDataSource       : HikariPool-1 - Start completed.
2019-07-29 00:18:24.765  INFO 19440 --- [restartedMain] j.LocalContainerEntityManagerFactoryBean : Initialized JPA EntityManagerFactory for persistence unit 'default'
2019-07-29 00:18:24.826  INFO 19440 --- [restartedMain] o.s.b.d.a.OptionalLiveReloadServer       : LiveReload server is running on port 35729
2019-07-29 00:18:25.400 DEBUG 19440 --- [restartedMain] s.w.s.m.m.a.RequestMappingHandlerMapping : 11 mappings in 'requestMappingHandlerMapping'
2019-07-29 00:18:25.771  INFO 19440 --- [restartedMain] pertySourcedRequestMappingHandlerMapping : Mapped URL path [/v2/api-docs] onto method [public org.springframework.http.ResponseEntity<springfox.documentation.spring.web.json.Json> springfox.documentation.swagger2.web.Swagger2Controller.getDocumentation(java.lang.String,javax.servlet.http.HttpServletRequest)]
2019-07-29 00:18:25.806 DEBUG 19440 --- [restartedMain] o.s.w.s.handler.SimpleUrlHandlerMapping  : Patterns [/swagger-ui.html, /webjars/**, /api/swagger-ui.html**, /api/webjars/**] in 'resourceHandlerMapping'
2019-07-29 00:18:25.846 DEBUG 19440 --- [restartedMain] s.w.s.m.m.a.RequestMappingHandlerAdapter : ControllerAdvice beans: 0 @ModelAttribute, 0 @InitBinder, 1 RequestBodyAdvice, 1 ResponseBodyAdvice
2019-07-29 00:18:25.867 DEBUG 19440 --- [restartedMain] .m.m.a.ExceptionHandlerExceptionResolver : ControllerAdvice beans: 1 @ExceptionHandler, 1 ResponseBodyAdvice
2019-07-29 00:18:25.941  WARN 19440 --- [restartedMain] aWebConfiguration$JpaWebMvcConfiguration : spring.jpa.open-in-view is enabled by default. Therefore, database queries may be performed during view rendering. Explicitly configure spring.jpa.open-in-view to disable this warning
2019-07-29 00:18:26.214  INFO 19440 --- [restartedMain] d.s.w.p.DocumentationPluginsBootstrapper : Context refreshed
2019-07-29 00:18:26.222  INFO 19440 --- [restartedMain] d.s.w.p.DocumentationPluginsBootstrapper : Found 1 custom documentation plugin(s)
2019-07-29 00:18:26.244  INFO 19440 --- [restartedMain] s.d.s.w.s.ApiListingReferenceScanner     : Scanning for api listing references
2019-07-29 00:18:26.337  INFO 19440 --- [restartedMain] .d.s.w.r.o.CachingOperationNameGenerator : Generating unique operation named: createScheduleUsingPOST_1
2019-07-29 00:18:26.434  INFO 19440 --- [restartedMain] o.s.b.w.embedded.tomcat.TomcatWebServer  : Tomcat started on port(s): 8080 (http) with context path ''
2019-07-29 00:18:26.438  INFO 19440 --- [restartedMain] com.softdesign.SoftdesignApplication     : Started SoftdesignApplication in 5.123 seconds (JVM running for 6.479)
2019-07-29 00:18:32.651  INFO 19440 --- [http-nio-8080-exec-1] o.a.c.c.C.[Tomcat].[localhost].[/]       : Initializing Spring DispatcherServlet 'dispatcherServlet'
2019-07-29 00:18:32.651  INFO 19440 --- [http-nio-8080-exec-1] o.s.web.servlet.DispatcherServlet        : Initializing Servlet 'dispatcherServlet'
2019-07-29 00:18:32.652 DEBUG 19440 --- [http-nio-8080-exec-1] o.s.web.servlet.DispatcherServlet        : Detected StandardServletMultipartResolver
2019-07-29 00:18:32.665 DEBUG 19440 --- [http-nio-8080-exec-1] o.s.web.servlet.DispatcherServlet        : enableLoggingRequestDetails='false': request parameters and headers will be masked to prevent unsafe logging of potentially sensitive data
2019-07-29 00:18:32.665  INFO 19440 --- [http-nio-8080-exec-1] o.s.web.servlet.DispatcherServlet        : Completed initialization in 13 ms
2019-07-29 00:18:32.675 DEBUG 19440 --- [http-nio-8080-exec-1] o.s.web.servlet.DispatcherServlet        : GET "/v1/schedule/getSchedules", parameters={}
2019-07-29 00:18:32.680 DEBUG 19440 --- [http-nio-8080-exec-1] s.w.s.m.m.a.RequestMappingHandlerMapping : Mapped to public java.util.List<com.softdesign.entity.Schedule> com.softdesign.controller.ApiController.getSchedules()
2019-07-29 00:18:32.811 DEBUG 19440 --- [http-nio-8080-exec-1] m.m.a.RequestResponseBodyMethodProcessor : Using 'application/json', given [application/json, text/plain, */*] and supported [application/json]
2019-07-29 00:18:32.814 DEBUG 19440 --- [http-nio-8080-exec-1] m.m.a.RequestResponseBodyMethodProcessor : Writing [[]]
2019-07-29 00:18:32.830 DEBUG 19440 --- [http-nio-8080-exec-1] o.s.web.servlet.DispatcherServlet        : Completed 200 OK
2019-07-29 00:18:37.726 DEBUG 19440 --- [http-nio-8080-exec-4] o.s.web.servlet.DispatcherServlet        : OPTIONS "/v1/schedule/createSchedule", parameters={}
2019-07-29 00:18:37.728 DEBUG 19440 --- [http-nio-8080-exec-4] s.w.s.m.m.a.RequestMappingHandlerMapping : Mapped to public org.springframework.http.ResponseEntity<com.fasterxml.jackson.databind.JsonNode> com.softdesign.controller.ApiController.createSchedule(com.softdesign.entity.Schedule)
2019-07-29 00:18:37.733 DEBUG 19440 --- [http-nio-8080-exec-4] o.s.web.servlet.DispatcherServlet        : Completed 200 OK
2019-07-29 00:18:37.754 DEBUG 19440 --- [http-nio-8080-exec-2] o.s.web.servlet.DispatcherServlet        : POST "/v1/schedule/createSchedule", parameters={}
2019-07-29 00:18:37.759 DEBUG 19440 --- [http-nio-8080-exec-2] s.w.s.m.m.a.RequestMappingHandlerMapping : Mapped to public org.springframework.http.ResponseEntity<com.fasterxml.jackson.databind.JsonNode> com.softdesign.controller.ApiController.createSchedule(com.softdesign.entity.Schedule)
2019-07-29 00:18:37.802 DEBUG 19440 --- [http-nio-8080-exec-2] m.m.a.RequestResponseBodyMethodProcessor : Read "application/json;charset=UTF-8" to [{id=null, title='sdvsdvsdv', description='sdvsdvsdvsdv', dtCreated=null, dtFinish=null}]
2019-07-29 00:18:37.873 DEBUG 19440 --- [http-nio-8080-exec-2] o.s.w.s.m.m.a.HttpEntityMethodProcessor  : Using 'application/json', given [application/json, text/plain, */*] and supported [application/json]
2019-07-29 00:18:37.877 DEBUG 19440 --- [http-nio-8080-exec-2] o.s.w.s.m.m.a.HttpEntityMethodProcessor  : Writing [{"status":"success"}]
2019-07-29 00:18:37.878 DEBUG 19440 --- [http-nio-8080-exec-2] o.s.web.servlet.DispatcherServlet        : Completed 200 OK
2019-07-29 00:18:39.865 DEBUG 19440 --- [http-nio-8080-exec-3] o.s.web.servlet.DispatcherServlet        : GET "/v1/schedule/getSchedules", parameters={}
2019-07-29 00:18:39.865 DEBUG 19440 --- [http-nio-8080-exec-3] s.w.s.m.m.a.RequestMappingHandlerMapping : Mapped to public java.util.List<com.softdesign.entity.Schedule> com.softdesign.controller.ApiController.getSchedules()
2019-07-29 00:18:39.873 DEBUG 19440 --- [http-nio-8080-exec-3] m.m.a.RequestResponseBodyMethodProcessor : Using 'application/json', given [application/json, text/plain, */*] and supported [application/json]
2019-07-29 00:18:39.873 DEBUG 19440 --- [http-nio-8080-exec-3] m.m.a.RequestResponseBodyMethodProcessor : Writing [[{id=1, title='sdvsdvsdv', description='sdvsdvsdvsdv', dtCreated=null, dtFinish=null}]]
2019-07-29 00:18:39.898 DEBUG 19440 --- [http-nio-8080-exec-3] o.s.web.servlet.DispatcherServlet        : Completed 200 OK
2019-07-29 00:19:11.270 DEBUG 19440 --- [http-nio-8080-exec-9] o.s.web.servlet.DispatcherServlet        : GET "/v1/schedule/getSchedules", parameters={}
2019-07-29 00:19:11.271 DEBUG 19440 --- [http-nio-8080-exec-9] s.w.s.m.m.a.RequestMappingHandlerMapping : Mapped to public java.util.List<com.softdesign.entity.Schedule> com.softdesign.controller.ApiController.getSchedules()
2019-07-29 00:19:11.274 DEBUG 19440 --- [http-nio-8080-exec-9] m.m.a.RequestResponseBodyMethodProcessor : Using 'application/json', given [application/json, text/plain, */*] and supported [application/json]
2019-07-29 00:19:11.274 DEBUG 19440 --- [http-nio-8080-exec-9] m.m.a.RequestResponseBodyMethodProcessor : Writing [[{id=1, title='sdvsdvsdv', description='sdvsdvsdvsdv', dtCreated=null, dtFinish=null}]]
2019-07-29 00:19:11.275 DEBUG 19440 --- [http-nio-8080-exec-9] o.s.web.servlet.DispatcherServlet        : Completed 200 OK
2019-07-29 00:19:24.635 DEBUG 19440 --- [http-nio-8080-exec-8] o.s.web.servlet.DispatcherServlet        : OPTIONS "/v1/schedule/updateSchedule", parameters={}
2019-07-29 00:19:24.636 DEBUG 19440 --- [http-nio-8080-exec-8] s.w.s.m.m.a.RequestMappingHandlerMapping : Mapped to public org.springframework.http.ResponseEntity<com.fasterxml.jackson.databind.JsonNode> com.softdesign.controller.ApiController.updateSchedule(java.util.Map<java.lang.String, java.lang.Object>)
2019-07-29 00:19:24.637 DEBUG 19440 --- [http-nio-8080-exec-8] o.s.web.servlet.DispatcherServlet        : Completed 200 OK
2019-07-29 00:19:24.648 DEBUG 19440 --- [http-nio-8080-exec-3] o.s.web.servlet.DispatcherServlet        : PUT "/v1/schedule/updateSchedule", parameters={}
2019-07-29 00:19:24.650 DEBUG 19440 --- [http-nio-8080-exec-3] s.w.s.m.m.a.RequestMappingHandlerMapping : Mapped to public org.springframework.http.ResponseEntity<com.fasterxml.jackson.databind.JsonNode> com.softdesign.controller.ApiController.updateSchedule(java.util.Map<java.lang.String, java.lang.Object>)
2019-07-29 00:19:24.672 DEBUG 19440 --- [http-nio-8080-exec-3] m.m.a.RequestResponseBodyMethodProcessor : Read "application/json;charset=UTF-8" to [{schedule=1, time=60, timeend=1320, timestart=1320}]
2019-07-29 00:19:35.692 DEBUG 19440 --- [http-nio-8080-exec-3] o.s.w.s.m.m.a.HttpEntityMethodProcessor  : Using 'application/json', given [application/json, text/plain, */*] and supported [application/json]
2019-07-29 00:19:35.692 DEBUG 19440 --- [http-nio-8080-exec-3] o.s.w.s.m.m.a.HttpEntityMethodProcessor  : Writing [{"status":"success"}]
2019-07-29 00:19:35.693 DEBUG 19440 --- [http-nio-8080-exec-3] o.s.web.servlet.DispatcherServlet        : Completed 200 OK
2019-07-29 00:19:38.029 DEBUG 19440 --- [http-nio-8080-exec-6] o.s.web.servlet.DispatcherServlet        : GET "/v1/schedule/getSchedules", parameters={}
2019-07-29 00:19:38.030 DEBUG 19440 --- [http-nio-8080-exec-6] s.w.s.m.m.a.RequestMappingHandlerMapping : Mapped to public java.util.List<com.softdesign.entity.Schedule> com.softdesign.controller.ApiController.getSchedules()
2019-07-29 00:19:38.033 DEBUG 19440 --- [http-nio-8080-exec-6] m.m.a.RequestResponseBodyMethodProcessor : Using 'application/json', given [application/json, text/plain, */*] and supported [application/json]
2019-07-29 00:19:38.034 DEBUG 19440 --- [http-nio-8080-exec-6] m.m.a.RequestResponseBodyMethodProcessor : Writing [[{id=1, title='sdvsdvsdv', description='sdvsdvsdvsdv', dtCreated=2019-07-29 00:19:37.003, dtFinish=n (truncated)...]
2019-07-29 00:19:38.038 DEBUG 19440 --- [http-nio-8080-exec-6] o.s.web.servlet.DispatcherServlet        : Completed 200 OK
2019-07-29 00:19:48.459 DEBUG 19440 --- [http-nio-8080-exec-5] o.s.web.servlet.DispatcherServlet        : OPTIONS "/v1/schedule/addVote", parameters={}
2019-07-29 00:19:48.462 DEBUG 19440 --- [http-nio-8080-exec-5] s.w.s.m.m.a.RequestMappingHandlerMapping : Mapped to public org.springframework.http.ResponseEntity<com.fasterxml.jackson.databind.JsonNode> com.softdesign.controller.ApiController.createSchedule(java.util.Map<java.lang.String, java.lang.Object>)
2019-07-29 00:19:48.464 DEBUG 19440 --- [http-nio-8080-exec-5] o.s.web.servlet.DispatcherServlet        : Completed 200 OK
2019-07-29 00:19:48.478 DEBUG 19440 --- [http-nio-8080-exec-2] o.s.web.servlet.DispatcherServlet        : POST "/v1/schedule/addVote", parameters={}
2019-07-29 00:19:48.481 DEBUG 19440 --- [http-nio-8080-exec-2] s.w.s.m.m.a.RequestMappingHandlerMapping : Mapped to public org.springframework.http.ResponseEntity<com.fasterxml.jackson.databind.JsonNode> com.softdesign.controller.ApiController.createSchedule(java.util.Map<java.lang.String, java.lang.Object>)
2019-07-29 00:19:48.485 DEBUG 19440 --- [http-nio-8080-exec-2] m.m.a.RequestResponseBodyMethodProcessor : Read "application/json;charset=UTF-8" to [{associate=01610383010, vote=1, schedule=1}]
2019-07-29 00:20:21.382 DEBUG 19440 --- [http-nio-8080-exec-2] o.s.w.s.m.m.a.HttpEntityMethodProcessor  : Using 'application/json', given [application/json, text/plain, */*] and supported [application/json]
2019-07-29 00:20:21.384 DEBUG 19440 --- [http-nio-8080-exec-2] o.s.w.s.m.m.a.HttpEntityMethodProcessor  : Writing [{"status":"success"}]
2019-07-29 00:20:21.388 DEBUG 19440 --- [http-nio-8080-exec-2] o.s.web.servlet.DispatcherServlet        : Completed 200 OK
2019-07-29 00:20:22.287 DEBUG 19440 --- [http-nio-8080-exec-1] o.s.web.servlet.DispatcherServlet        : GET "/v1/schedule/getSchedules", parameters={}
2019-07-29 00:20:22.288 DEBUG 19440 --- [http-nio-8080-exec-1] s.w.s.m.m.a.RequestMappingHandlerMapping : Mapped to public java.util.List<com.softdesign.entity.Schedule> com.softdesign.controller.ApiController.getSchedules()
2019-07-29 00:20:22.291 DEBUG 19440 --- [http-nio-8080-exec-1] m.m.a.RequestResponseBodyMethodProcessor : Using 'application/json', given [application/json, text/plain, */*] and supported [application/json]
2019-07-29 00:20:22.292 DEBUG 19440 --- [http-nio-8080-exec-1] m.m.a.RequestResponseBodyMethodProcessor : Writing [[{id=1, title='sdvsdvsdv', description='sdvsdvsdvsdv', dtCreated=2019-07-29 00:19:37.003, dtFinish=n (truncated)...]
2019-07-29 00:20:22.293 DEBUG 19440 --- [http-nio-8080-exec-1] o.s.web.servlet.DispatcherServlet        : Completed 200 OK
2019-07-29 02:21:06.966  INFO 19440 --- [Thread-8] j.LocalContainerEntityManagerFactoryBean : Closing JPA EntityManagerFactory for persistence unit 'default'
2019-07-29 02:21:07.296  INFO 19440 --- [Thread-8] com.zaxxer.hikari.HikariDataSource       : HikariPool-1 - Shutdown initiated...
2019-07-29 02:21:07.402  INFO 19440 --- [Thread-8] com.zaxxer.hikari.HikariDataSource       : HikariPool-1 - Shutdown completed.
2019-07-29 06:54:44.639  INFO 6021 --- [restartedMain] com.softdesign.SoftdesignApplication     : Starting SoftdesignApplication on harley-Lenovo-ideapad-320-15IKB with PID 6021 (/var/www/data/softdesignBrasil/target/classes started by harley in /var/www/data/softdesignBrasil)
2019-07-29 06:54:44.642  INFO 6021 --- [restartedMain] com.softdesign.SoftdesignApplication     : No active profile set, falling back to default profiles: default
2019-07-29 06:54:44.835  INFO 6021 --- [restartedMain] .e.DevToolsPropertyDefaultsPostProcessor : Devtools property defaults active! Set 'spring.devtools.add-properties' to 'false' to disable
2019-07-29 06:54:44.835  INFO 6021 --- [restartedMain] .e.DevToolsPropertyDefaultsPostProcessor : For additional web related logging consider setting the 'logging.level.web' property to 'DEBUG'
2019-07-29 06:54:48.713  INFO 6021 --- [restartedMain] .s.d.r.c.RepositoryConfigurationDelegate : Bootstrapping Spring Data repositories in DEFAULT mode.
2019-07-29 06:54:48.849  INFO 6021 --- [restartedMain] .s.d.r.c.RepositoryConfigurationDelegate : Finished Spring Data repository scanning in 121ms. Found 3 repository interfaces.
2019-07-29 06:54:51.309  INFO 6021 --- [restartedMain] trationDelegate$BeanPostProcessorChecker : Bean 'org.springframework.transaction.annotation.ProxyTransactionManagementConfiguration' of type [org.springframework.transaction.annotation.ProxyTransactionManagementConfiguration$$EnhancerBySpringCGLIB$$e3dbb807] is not eligible for getting processed by all BeanPostProcessors (for example: not eligible for auto-proxying)
2019-07-29 06:54:51.339  INFO 6021 --- [restartedMain] trationDelegate$BeanPostProcessorChecker : Bean 'org.springframework.hateoas.config.HateoasConfiguration' of type [org.springframework.hateoas.config.HateoasConfiguration$$EnhancerBySpringCGLIB$$635c0539] is not eligible for getting processed by all BeanPostProcessors (for example: not eligible for auto-proxying)
2019-07-29 06:54:51.984  INFO 6021 --- [restartedMain] o.s.b.w.embedded.tomcat.TomcatWebServer  : Tomcat initialized with port(s): 8080 (http)
2019-07-29 06:54:52.011  INFO 6021 --- [restartedMain] o.apache.catalina.core.StandardService   : Starting service [Tomcat]
2019-07-29 06:54:52.011  INFO 6021 --- [restartedMain] org.apache.catalina.core.StandardEngine  : Starting Servlet engine: [Apache Tomcat/9.0.21]
2019-07-29 06:54:52.142  INFO 6021 --- [restartedMain] o.a.c.c.C.[Tomcat].[localhost].[/]       : Initializing Spring embedded WebApplicationContext
2019-07-29 06:54:52.143 DEBUG 6021 --- [restartedMain] o.s.web.context.ContextLoader            : Published root WebApplicationContext as ServletContext attribute with name [org.springframework.web.context.WebApplicationContext.ROOT]
2019-07-29 06:54:52.143  INFO 6021 --- [restartedMain] o.s.web.context.ContextLoader            : Root WebApplicationContext: initialization completed in 7307 ms
2019-07-29 06:54:52.598  INFO 6021 --- [restartedMain] com.zaxxer.hikari.HikariDataSource       : HikariPool-1 - Starting...
2019-07-29 06:54:52.847  INFO 6021 --- [restartedMain] com.zaxxer.hikari.HikariDataSource       : HikariPool-1 - Start completed.
2019-07-29 06:54:56.563  INFO 6021 --- [restartedMain] j.LocalContainerEntityManagerFactoryBean : Initialized JPA EntityManagerFactory for persistence unit 'default'
2019-07-29 06:54:56.632  INFO 6021 --- [restartedMain] o.s.b.d.a.OptionalLiveReloadServer       : LiveReload server is running on port 35729
2019-07-29 06:54:59.004 DEBUG 6021 --- [restartedMain] s.w.s.m.m.a.RequestMappingHandlerMapping : 11 mappings in 'requestMappingHandlerMapping'
2019-07-29 06:54:59.571  INFO 6021 --- [restartedMain] pertySourcedRequestMappingHandlerMapping : Mapped URL path [/v2/api-docs] onto method [public org.springframework.http.ResponseEntity<springfox.documentation.spring.web.json.Json> springfox.documentation.swagger2.web.Swagger2Controller.getDocumentation(java.lang.String,javax.servlet.http.HttpServletRequest)]
2019-07-29 06:54:59.637 DEBUG 6021 --- [restartedMain] o.s.w.s.handler.SimpleUrlHandlerMapping  : Patterns [/swagger-ui.html, /webjars/**, /api/swagger-ui.html**, /api/webjars/**] in 'resourceHandlerMapping'
2019-07-29 06:54:59.691 DEBUG 6021 --- [restartedMain] s.w.s.m.m.a.RequestMappingHandlerAdapter : ControllerAdvice beans: 0 @ModelAttribute, 0 @InitBinder, 1 RequestBodyAdvice, 1 ResponseBodyAdvice
2019-07-29 06:54:59.719 DEBUG 6021 --- [restartedMain] .m.m.a.ExceptionHandlerExceptionResolver : ControllerAdvice beans: 1 @ExceptionHandler, 1 ResponseBodyAdvice
2019-07-29 06:54:59.814  WARN 6021 --- [restartedMain] aWebConfiguration$JpaWebMvcConfiguration : spring.jpa.open-in-view is enabled by default. Therefore, database queries may be performed during view rendering. Explicitly configure spring.jpa.open-in-view to disable this warning
2019-07-29 06:55:00.169  INFO 6021 --- [restartedMain] d.s.w.p.DocumentationPluginsBootstrapper : Context refreshed
2019-07-29 06:55:00.183  INFO 6021 --- [restartedMain] d.s.w.p.DocumentationPluginsBootstrapper : Found 1 custom documentation plugin(s)
2019-07-29 06:55:00.230  INFO 6021 --- [restartedMain] s.d.s.w.s.ApiListingReferenceScanner     : Scanning for api listing references
2019-07-29 06:55:00.389  INFO 6021 --- [restartedMain] .d.s.w.r.o.CachingOperationNameGenerator : Generating unique operation named: createScheduleUsingPOST_1
2019-07-29 06:55:01.165  INFO 6021 --- [restartedMain] o.s.b.w.embedded.tomcat.TomcatWebServer  : Tomcat started on port(s): 8080 (http) with context path ''
2019-07-29 06:55:01.260  INFO 6021 --- [restartedMain] com.softdesign.SoftdesignApplication     : Started SoftdesignApplication in 17.332 seconds (JVM running for 31.635)
2019-07-29 07:36:00.201  INFO 6021 --- [Thread-8] j.LocalContainerEntityManagerFactoryBean : Closing JPA EntityManagerFactory for persistence unit 'default'
2019-07-29 07:36:00.208  INFO 6021 --- [Thread-8] com.zaxxer.hikari.HikariDataSource       : HikariPool-1 - Shutdown initiated...
2019-07-29 07:36:00.551  INFO 6021 --- [Thread-8] com.zaxxer.hikari.HikariDataSource       : HikariPool-1 - Shutdown completed.
2019-07-29 07:36:14.676  INFO 8864 --- [restartedMain] com.softdesign.SoftdesignApplication     : Starting SoftdesignApplication on harley-Lenovo-ideapad-320-15IKB with PID 8864 (/var/www/data/softdesignBrasil/target/classes started by harley in /var/www/data/softdesignBrasil)
2019-07-29 07:36:14.683  INFO 8864 --- [restartedMain] com.softdesign.SoftdesignApplication     : No active profile set, falling back to default profiles: default
2019-07-29 07:36:14.740  INFO 8864 --- [restartedMain] .e.DevToolsPropertyDefaultsPostProcessor : Devtools property defaults active! Set 'spring.devtools.add-properties' to 'false' to disable
2019-07-29 07:36:14.740  INFO 8864 --- [restartedMain] .e.DevToolsPropertyDefaultsPostProcessor : For additional web related logging consider setting the 'logging.level.web' property to 'DEBUG'
2019-07-29 07:36:15.636  INFO 8864 --- [restartedMain] .s.d.r.c.RepositoryConfigurationDelegate : Bootstrapping Spring Data repositories in DEFAULT mode.
2019-07-29 07:36:15.691  INFO 8864 --- [restartedMain] .s.d.r.c.RepositoryConfigurationDelegate : Finished Spring Data repository scanning in 49ms. Found 3 repository interfaces.
2019-07-29 07:36:16.216  INFO 8864 --- [restartedMain] trationDelegate$BeanPostProcessorChecker : Bean 'org.springframework.transaction.annotation.ProxyTransactionManagementConfiguration' of type [org.springframework.transaction.annotation.ProxyTransactionManagementConfiguration$$EnhancerBySpringCGLIB$$7290ee48] is not eligible for getting processed by all BeanPostProcessors (for example: not eligible for auto-proxying)
2019-07-29 07:36:16.236  INFO 8864 --- [restartedMain] trationDelegate$BeanPostProcessorChecker : Bean 'org.springframework.hateoas.config.HateoasConfiguration' of type [org.springframework.hateoas.config.HateoasConfiguration$$EnhancerBySpringCGLIB$$f2113b7a] is not eligible for getting processed by all BeanPostProcessors (for example: not eligible for auto-proxying)
2019-07-29 07:36:18.131  INFO 8864 --- [restartedMain] o.s.b.w.embedded.tomcat.TomcatWebServer  : Tomcat initialized with port(s): 8080 (http)
2019-07-29 07:36:18.153  INFO 8864 --- [restartedMain] o.apache.catalina.core.StandardService   : Starting service [Tomcat]
2019-07-29 07:36:18.207  INFO 8864 --- [restartedMain] org.apache.catalina.core.StandardEngine  : Starting Servlet engine: [Apache Tomcat/9.0.21]
2019-07-29 07:36:18.391  INFO 8864 --- [restartedMain] o.a.c.c.C.[Tomcat].[localhost].[/]       : Initializing Spring embedded WebApplicationContext
2019-07-29 07:36:18.392 DEBUG 8864 --- [restartedMain] o.s.web.context.ContextLoader            : Published root WebApplicationContext as ServletContext attribute with name [org.springframework.web.context.WebApplicationContext.ROOT]
2019-07-29 07:36:18.392  INFO 8864 --- [restartedMain] o.s.web.context.ContextLoader            : Root WebApplicationContext: initialization completed in 3652 ms
2019-07-29 07:36:18.578  INFO 8864 --- [restartedMain] com.zaxxer.hikari.HikariDataSource       : HikariPool-1 - Starting...
2019-07-29 07:36:18.686  INFO 8864 --- [restartedMain] com.zaxxer.hikari.HikariDataSource       : HikariPool-1 - Start completed.
2019-07-29 07:36:19.725  INFO 8864 --- [restartedMain] j.LocalContainerEntityManagerFactoryBean : Initialized JPA EntityManagerFactory for persistence unit 'default'
2019-07-29 07:36:19.789  INFO 8864 --- [restartedMain] o.s.b.d.a.OptionalLiveReloadServer       : LiveReload server is running on port 35729
2019-07-29 07:36:23.679 DEBUG 8864 --- [restartedMain] s.w.s.m.m.a.RequestMappingHandlerMapping : 11 mappings in 'requestMappingHandlerMapping'
2019-07-29 07:36:24.472  INFO 8864 --- [restartedMain] pertySourcedRequestMappingHandlerMapping : Mapped URL path [/v2/api-docs] onto method [public org.springframework.http.ResponseEntity<springfox.documentation.spring.web.json.Json> springfox.documentation.swagger2.web.Swagger2Controller.getDocumentation(java.lang.String,javax.servlet.http.HttpServletRequest)]
2019-07-29 07:36:24.572 DEBUG 8864 --- [restartedMain] o.s.w.s.handler.SimpleUrlHandlerMapping  : Patterns [/swagger-ui.html, /webjars/**, /api/swagger-ui.html**, /api/webjars/**] in 'resourceHandlerMapping'
2019-07-29 07:36:24.742 DEBUG 8864 --- [restartedMain] s.w.s.m.m.a.RequestMappingHandlerAdapter : ControllerAdvice beans: 0 @ModelAttribute, 0 @InitBinder, 1 RequestBodyAdvice, 1 ResponseBodyAdvice
2019-07-29 07:36:24.795 DEBUG 8864 --- [restartedMain] .m.m.a.ExceptionHandlerExceptionResolver : ControllerAdvice beans: 1 @ExceptionHandler, 1 ResponseBodyAdvice
2019-07-29 07:36:24.966  WARN 8864 --- [restartedMain] aWebConfiguration$JpaWebMvcConfiguration : spring.jpa.open-in-view is enabled by default. Therefore, database queries may be performed during view rendering. Explicitly configure spring.jpa.open-in-view to disable this warning
2019-07-29 07:36:25.609  INFO 8864 --- [restartedMain] d.s.w.p.DocumentationPluginsBootstrapper : Context refreshed
2019-07-29 07:36:25.655  INFO 8864 --- [restartedMain] d.s.w.p.DocumentationPluginsBootstrapper : Found 1 custom documentation plugin(s)
2019-07-29 07:36:25.715  INFO 8864 --- [restartedMain] s.d.s.w.s.ApiListingReferenceScanner     : Scanning for api listing references
2019-07-29 07:36:25.951  INFO 8864 --- [restartedMain] .d.s.w.r.o.CachingOperationNameGenerator : Generating unique operation named: createScheduleUsingPOST_1
2019-07-29 07:36:26.074  INFO 8864 --- [restartedMain] o.s.b.w.embedded.tomcat.TomcatWebServer  : Tomcat started on port(s): 8080 (http) with context path ''
2019-07-29 07:36:26.081  INFO 8864 --- [restartedMain] com.softdesign.SoftdesignApplication     : Started SoftdesignApplication in 13.796 seconds (JVM running for 15.251)
2019-07-29 07:37:02.546  INFO 8864 --- [http-nio-8080-exec-1] o.a.c.c.C.[Tomcat].[localhost].[/]       : Initializing Spring DispatcherServlet 'dispatcherServlet'
2019-07-29 07:37:02.547  INFO 8864 --- [http-nio-8080-exec-1] o.s.web.servlet.DispatcherServlet        : Initializing Servlet 'dispatcherServlet'
2019-07-29 07:37:02.548 DEBUG 8864 --- [http-nio-8080-exec-1] o.s.web.servlet.DispatcherServlet        : Detected StandardServletMultipartResolver
2019-07-29 07:37:02.577 DEBUG 8864 --- [http-nio-8080-exec-1] o.s.web.servlet.DispatcherServlet        : enableLoggingRequestDetails='false': request parameters and headers will be masked to prevent unsafe logging of potentially sensitive data
2019-07-29 07:37:02.577  INFO 8864 --- [http-nio-8080-exec-1] o.s.web.servlet.DispatcherServlet        : Completed initialization in 29 ms
2019-07-29 07:37:02.584 DEBUG 8864 --- [http-nio-8080-exec-1] o.s.web.servlet.DispatcherServlet        : GET "/v1/schedule/getSchedules", parameters={}
2019-07-29 07:37:02.589 DEBUG 8864 --- [http-nio-8080-exec-1] s.w.s.m.m.a.RequestMappingHandlerMapping : Mapped to public java.util.List<com.softdesign.entity.Schedule> com.softdesign.controller.ApiController.getSchedules()
2019-07-29 07:37:03.858 DEBUG 8864 --- [http-nio-8080-exec-1] m.m.a.RequestResponseBodyMethodProcessor : Using 'application/json', given [application/json, text/plain, */*] and supported [application/json]
2019-07-29 07:37:04.139 DEBUG 8864 --- [http-nio-8080-exec-1] m.m.a.RequestResponseBodyMethodProcessor : Writing [[{id=1, title='sdvsdvsdv', description='sdvsdvsdvsdv', dtCreated=2019-07-29 00:19:37.003, dtFinish=n (truncated)...]
2019-07-29 07:37:04.603 DEBUG 8864 --- [http-nio-8080-exec-1] o.s.web.servlet.DispatcherServlet        : Completed 200 OK
2019-07-29 07:37:19.470 DEBUG 8864 --- [http-nio-8080-exec-2] o.s.web.servlet.DispatcherServlet        : OPTIONS "/v1/schedule/createSchedule", parameters={}
2019-07-29 07:37:19.473 DEBUG 8864 --- [http-nio-8080-exec-2] s.w.s.m.m.a.RequestMappingHandlerMapping : Mapped to public org.springframework.http.ResponseEntity<com.fasterxml.jackson.databind.JsonNode> com.softdesign.controller.ApiController.createSchedule(com.softdesign.entity.Schedule)
2019-07-29 07:37:19.480 DEBUG 8864 --- [http-nio-8080-exec-2] o.s.web.servlet.DispatcherServlet        : Completed 200 OK
2019-07-29 07:37:19.507 DEBUG 8864 --- [http-nio-8080-exec-3] o.s.web.servlet.DispatcherServlet        : POST "/v1/schedule/createSchedule", parameters={}
2019-07-29 07:37:19.515 DEBUG 8864 --- [http-nio-8080-exec-3] s.w.s.m.m.a.RequestMappingHandlerMapping : Mapped to public org.springframework.http.ResponseEntity<com.fasterxml.jackson.databind.JsonNode> com.softdesign.controller.ApiController.createSchedule(com.softdesign.entity.Schedule)
2019-07-29 07:37:19.657 DEBUG 8864 --- [http-nio-8080-exec-3] m.m.a.RequestResponseBodyMethodProcessor : Read "application/json;charset=UTF-8" to [{id=null, title='dcdvdvdsvd', description='vsdvsdvsdvsd', dtCreated=null, dtFinish=null}]
2019-07-29 07:37:19.935 DEBUG 8864 --- [http-nio-8080-exec-3] o.s.w.s.m.m.a.HttpEntityMethodProcessor  : Using 'application/json', given [application/json, text/plain, */*] and supported [application/json]
2019-07-29 07:37:19.939 DEBUG 8864 --- [http-nio-8080-exec-3] o.s.w.s.m.m.a.HttpEntityMethodProcessor  : Writing [{"status":"success"}]
2019-07-29 07:37:19.943 DEBUG 8864 --- [http-nio-8080-exec-3] o.s.web.servlet.DispatcherServlet        : Completed 200 OK
2019-07-29 07:37:23.155 DEBUG 8864 --- [http-nio-8080-exec-4] o.s.web.servlet.DispatcherServlet        : GET "/v1/schedule/getSchedules", parameters={}
2019-07-29 07:37:23.156 DEBUG 8864 --- [http-nio-8080-exec-4] s.w.s.m.m.a.RequestMappingHandlerMapping : Mapped to public java.util.List<com.softdesign.entity.Schedule> com.softdesign.controller.ApiController.getSchedules()
2019-07-29 07:37:23.159 DEBUG 8864 --- [http-nio-8080-exec-4] m.m.a.RequestResponseBodyMethodProcessor : Using 'application/json', given [application/json, text/plain, */*] and supported [application/json]
2019-07-29 07:37:23.159 DEBUG 8864 --- [http-nio-8080-exec-4] m.m.a.RequestResponseBodyMethodProcessor : Writing [[{id=1, title='sdvsdvsdv', description='sdvsdvsdvsdv', dtCreated=2019-07-29 00:19:37.003, dtFinish=n (truncated)...]
2019-07-29 07:37:23.160 DEBUG 8864 --- [http-nio-8080-exec-4] o.s.web.servlet.DispatcherServlet        : Completed 200 OK
2019-07-29 07:37:43.341 DEBUG 8864 --- [http-nio-8080-exec-5] o.s.web.servlet.DispatcherServlet        : OPTIONS "/v1/schedule/updateSchedule", parameters={}
2019-07-29 07:37:43.342 DEBUG 8864 --- [http-nio-8080-exec-5] s.w.s.m.m.a.RequestMappingHandlerMapping : Mapped to public org.springframework.http.ResponseEntity<com.fasterxml.jackson.databind.JsonNode> com.softdesign.controller.ApiController.updateSchedule(java.util.Map<java.lang.String, java.lang.Object>)
2019-07-29 07:37:43.344 DEBUG 8864 --- [http-nio-8080-exec-5] o.s.web.servlet.DispatcherServlet        : Completed 200 OK
2019-07-29 07:37:43.348 DEBUG 8864 --- [http-nio-8080-exec-6] o.s.web.servlet.DispatcherServlet        : PUT "/v1/schedule/updateSchedule", parameters={}
2019-07-29 07:37:43.349 DEBUG 8864 --- [http-nio-8080-exec-6] s.w.s.m.m.a.RequestMappingHandlerMapping : Mapped to public org.springframework.http.ResponseEntity<com.fasterxml.jackson.databind.JsonNode> com.softdesign.controller.ApiController.updateSchedule(java.util.Map<java.lang.String, java.lang.Object>)
2019-07-29 07:37:43.364 DEBUG 8864 --- [http-nio-8080-exec-6] m.m.a.RequestResponseBodyMethodProcessor : Read "application/json;charset=UTF-8" to [{schedule=3, time=0, timeend=600, timestart=600, dtFinish=false}]
2019-07-29 07:38:41.131 DEBUG 8864 --- [http-nio-8080-exec-6] o.s.w.s.m.m.a.HttpEntityMethodProcessor  : Using 'application/json', given [application/json, text/plain, */*] and supported [application/json]
2019-07-29 07:38:41.132 DEBUG 8864 --- [http-nio-8080-exec-6] o.s.w.s.m.m.a.HttpEntityMethodProcessor  : Writing [{"status":"success"}]
2019-07-29 07:38:41.139 DEBUG 8864 --- [http-nio-8080-exec-6] o.s.web.servlet.DispatcherServlet        : Completed 200 OK
2019-07-29 07:38:49.665 DEBUG 8864 --- [http-nio-8080-exec-7] o.s.web.servlet.DispatcherServlet        : GET "/v1/schedule/getSchedules", parameters={}
2019-07-29 07:38:49.674 DEBUG 8864 --- [http-nio-8080-exec-7] s.w.s.m.m.a.RequestMappingHandlerMapping : Mapped to public java.util.List<com.softdesign.entity.Schedule> com.softdesign.controller.ApiController.getSchedules()
2019-07-29 07:38:49.738 DEBUG 8864 --- [http-nio-8080-exec-7] m.m.a.RequestResponseBodyMethodProcessor : Using 'application/json', given [application/json, text/plain, */*] and supported [application/json]
2019-07-29 07:38:49.752 DEBUG 8864 --- [http-nio-8080-exec-7] m.m.a.RequestResponseBodyMethodProcessor : Writing [[{id=1, title='sdvsdvsdv', description='sdvsdvsdvsdv', dtCreated=2019-07-29 00:19:37.003, dtFinish=n (truncated)...]
2019-07-29 07:38:49.809 DEBUG 8864 --- [http-nio-8080-exec-7] o.s.web.servlet.DispatcherServlet        : Completed 200 OK
2019-07-29 07:40:34.650 DEBUG 8864 --- [http-nio-8080-exec-4] o.s.web.servlet.DispatcherServlet        : GET "/favicon.ico", parameters={}
2019-07-29 07:40:34.693  WARN 8864 --- [http-nio-8080-exec-4] o.s.web.servlet.PageNotFound             : No mapping for GET /favicon.ico
2019-07-29 07:40:34.693 DEBUG 8864 --- [http-nio-8080-exec-4] o.s.web.servlet.DispatcherServlet        : Completed 404 NOT_FOUND
2019-07-29 07:40:34.698 DEBUG 8864 --- [http-nio-8080-exec-4] o.s.web.servlet.DispatcherServlet        : "ERROR" dispatch for GET "/error", parameters={}
2019-07-29 07:40:34.701 DEBUG 8864 --- [http-nio-8080-exec-4] s.w.s.m.m.a.RequestMappingHandlerMapping : Mapped to public org.springframework.http.ResponseEntity<java.util.Map<java.lang.String, java.lang.Object>> org.springframework.boot.autoconfigure.web.servlet.error.BasicErrorController.error(javax.servlet.http.HttpServletRequest)
2019-07-29 07:40:34.705 DEBUG 8864 --- [http-nio-8080-exec-4] o.s.w.s.m.m.a.HttpEntityMethodProcessor  : Using 'application/hal+json;q=0.8', given [image/webp, image/apng, image/*, */*;q=0.8] and supported [application/hal+json]
2019-07-29 07:40:34.722 DEBUG 8864 --- [http-nio-8080-exec-4] o.s.w.s.m.m.a.HttpEntityMethodProcessor  : Writing [{timestamp=Mon Jul 29 07:40:34 BRT 2019, status=404, error=Not Found, message=No message available,  (truncated)...]
2019-07-29 07:40:34.787 DEBUG 8864 --- [http-nio-8080-exec-4] o.s.web.servlet.DispatcherServlet        : Exiting from "ERROR" dispatch, status 404
2019-07-29 07:41:57.393 DEBUG 8864 --- [http-nio-8080-exec-1] o.s.web.servlet.DispatcherServlet        : GET "/v1/schedule/getSchedules", parameters={}
2019-07-29 07:41:57.394 DEBUG 8864 --- [http-nio-8080-exec-1] s.w.s.m.m.a.RequestMappingHandlerMapping : Mapped to public java.util.List<com.softdesign.entity.Schedule> com.softdesign.controller.ApiController.getSchedules()
2019-07-29 07:41:57.404 DEBUG 8864 --- [http-nio-8080-exec-1] m.m.a.RequestResponseBodyMethodProcessor : Using 'application/json', given [application/json, text/plain, */*] and supported [application/json]
2019-07-29 07:41:57.405 DEBUG 8864 --- [http-nio-8080-exec-1] m.m.a.RequestResponseBodyMethodProcessor : Writing [[{id=1, title='sdvsdvsdv', description='sdvsdvsdvsdv', dtCreated=2019-07-29 00:19:37.003, dtFinish=n (truncated)...]
2019-07-29 07:41:57.408 DEBUG 8864 --- [http-nio-8080-exec-1] o.s.web.servlet.DispatcherServlet        : Completed 200 OK
2019-07-29 07:44:52.046 DEBUG 8864 --- [http-nio-8080-exec-7] o.s.web.servlet.DispatcherServlet        : GET "/v1/schedule/getSchedules", parameters={}
2019-07-29 07:44:52.047 DEBUG 8864 --- [http-nio-8080-exec-7] s.w.s.m.m.a.RequestMappingHandlerMapping : Mapped to public java.util.List<com.softdesign.entity.Schedule> com.softdesign.controller.ApiController.getSchedules()
2019-07-29 07:44:52.055 DEBUG 8864 --- [http-nio-8080-exec-7] m.m.a.RequestResponseBodyMethodProcessor : Using 'application/json', given [application/json, text/plain, */*] and supported [application/json]
2019-07-29 07:44:52.056 DEBUG 8864 --- [http-nio-8080-exec-7] m.m.a.RequestResponseBodyMethodProcessor : Writing [[{id=1, title='sdvsdvsdv', description='sdvsdvsdvsdv', dtCreated=2019-07-29 00:19:37.003, dtFinish=n (truncated)...]
2019-07-29 07:44:52.084 DEBUG 8864 --- [http-nio-8080-exec-7] o.s.web.servlet.DispatcherServlet        : Completed 200 OK
2019-07-29 07:46:57.555 DEBUG 8864 --- [http-nio-8080-exec-2] o.s.web.servlet.DispatcherServlet        : GET "/v1/schedule/getSchedules", parameters={}
2019-07-29 07:46:57.557 DEBUG 8864 --- [http-nio-8080-exec-2] s.w.s.m.m.a.RequestMappingHandlerMapping : Mapped to public java.util.List<com.softdesign.entity.Schedule> com.softdesign.controller.ApiController.getSchedules()
2019-07-29 07:46:57.567 DEBUG 8864 --- [http-nio-8080-exec-2] m.m.a.RequestResponseBodyMethodProcessor : Using 'application/json', given [application/json, text/plain, */*] and supported [application/json]
2019-07-29 07:46:57.568 DEBUG 8864 --- [http-nio-8080-exec-2] m.m.a.RequestResponseBodyMethodProcessor : Writing [[{id=1, title='sdvsdvsdv', description='sdvsdvsdvsdv', dtCreated=2019-07-29 00:19:37.003, dtFinish=n (truncated)...]
2019-07-29 07:46:57.571 DEBUG 8864 --- [http-nio-8080-exec-2] o.s.web.servlet.DispatcherServlet        : Completed 200 OK
